2018-11-20 16:51:35.340  INFO 4728 --- [main] com.ibm.discovery.DiscoveryApplication   : No active profile set, falling back to default profiles: default
2018-11-20 16:51:35.390  INFO 4728 --- [main] ConfigServletWebServerApplicationContext : Refreshing org.springframework.boot.web.servlet.context.AnnotationConfigServletWebServerApplicationContext@8bffb5f7: startup date [Tue Nov 20 16:51:35 IST 2018]; parent: org.springframework.context.annotation.AnnotationConfigApplicationContext@d76d0d7c
2018-11-20 16:51:38.672  INFO 4728 --- [main] o.s.cloud.context.scope.GenericScope     : BeanFactory id=4c9a535e-ac13-3614-b10c-78712e9781a5
2018-11-20 16:51:38.722  INFO 4728 --- [main] f.a.AutowiredAnnotationBeanPostProcessor : JSR-330 'javax.inject.Inject' annotation found and supported for autowiring
2018-11-20 16:51:38.964  INFO 4728 --- [main] trationDelegate$BeanPostProcessorChecker : Bean 'org.springframework.cloud.autoconfigure.ConfigurationPropertiesRebinderAutoConfiguration' of type [org.springframework.cloud.autoconfigure.ConfigurationPropertiesRebinderAutoConfiguration$$EnhancerBySpringCGLIB$$c5deb78a] is not eligible for getting processed by all BeanPostProcessors (for example: not eligible for auto-proxying)
2018-11-20 16:51:40.100  INFO 4728 --- [main] o.s.b.w.embedded.tomcat.TomcatWebServer  : Tomcat initialized with port(s): 8082 (http)
2018-11-20 16:51:40.152  INFO 4728 --- [main] o.apache.catalina.core.StandardService   : Starting service [Tomcat]
2018-11-20 16:51:40.152  INFO 4728 --- [main] org.apache.catalina.core.StandardEngine  : Starting Servlet Engine: Apache Tomcat/8.5.34
2018-11-20 16:51:40.244  INFO 4728 --- [localhost-startStop-1] o.a.catalina.core.AprLifecycleListener   : The APR based Apache Tomcat Native library which allows optimal performance in production environments was not found on the java.library.path: [C:\Santanu\IBMInstallationOther\IBM\SDP\jdk\jre\bin\compressedrefs;C:\Santanu\IBMInstallationOther\IBM\SDP\jdk\jre\bin;C:\windows\system32;C:\windows;C:\ProgramData\Anaconda3;C:\ProgramData\Anaconda3\Library\mingw-w64\bin;C:\ProgramData\Anaconda3\Library\usr\bin;C:\ProgramData\Anaconda3\Library\bin;C:\ProgramData\Anaconda3\Scripts;C:\ProgramData\Oracle\Java\javapath;C:\windows\system32;C:\windows;C:\windows\System32\Wbem;C:\windows\System32\WindowsPowerShell\v1.0\;C:\Program Files (x86)\IBM\Personal Communications\;C:\Program Files (x86)\IBM\Trace Facility\;C:\Program Files (x86)\IBM\Mobility Client\;C:\Cygwin\bin;C:\Santanu\HadoopDevolopmentKit\jdk1.8.0_111\bin;C:\Program Files\PuTTY\;C:\Program Files\Microsoft VS Code\bin;C:\Program Files\IBM\Cloud\bin;%JAVA_HOM%\bin;C:\ProgramData\chocolatey\bin;C:\Santanu\Git\cmd;C:\Santanu\IBMInstallation\NodeJS;C:\Program Files\IBM\node;.]
2018-11-20 16:51:40.762  INFO 4728 --- [localhost-startStop-1] o.a.c.c.C.[Tomcat].[localhost].[/]       : Initializing Spring embedded WebApplicationContext
2018-11-20 16:51:40.762  INFO 4728 --- [localhost-startStop-1] o.s.web.context.ContextLoader            : Root WebApplicationContext: initialization completed in 5372 ms
2018-11-20 16:51:41.042  WARN 4728 --- [localhost-startStop-1] i.m.c.i.binder.jvm.JvmGcMetrics          : GC notifications will not be available because com.sun.management.GarbageCollectionNotificationInfo is not present
2018-11-20 16:51:41.251  WARN 4728 --- [localhost-startStop-1] c.n.c.sources.URLConfigurationSource     : No URLs will be polled as dynamic configuration sources.
2018-11-20 16:51:41.252  INFO 4728 --- [localhost-startStop-1] c.n.c.sources.URLConfigurationSource     : To enable URLs as dynamic configuration sources, define System property archaius.configurationSource.additionalUrls or make config.properties available on classpath.
2018-11-20 16:51:41.290  INFO 4728 --- [localhost-startStop-1] c.netflix.config.DynamicPropertyFactory  : DynamicPropertyFactory is initialized with configuration sources: com.netflix.config.ConcurrentCompositeConfiguration@8bdadf1b
2018-11-20 16:51:44.760  INFO 4728 --- [localhost-startStop-1] o.s.b.w.servlet.FilterRegistrationBean   : Mapping filter: 'characterEncodingFilter' to: [/*]
2018-11-20 16:51:44.760  INFO 4728 --- [localhost-startStop-1] o.s.b.w.servlet.FilterRegistrationBean   : Mapping filter: 'webMvcMetricsFilter' to: [/*]
2018-11-20 16:51:44.760  INFO 4728 --- [localhost-startStop-1] o.s.b.w.servlet.FilterRegistrationBean   : Mapping filter: 'hiddenHttpMethodFilter' to: [/*]
2018-11-20 16:51:44.760  INFO 4728 --- [localhost-startStop-1] o.s.b.w.servlet.FilterRegistrationBean   : Mapping filter: 'httpPutFormContentFilter' to: [/*]
2018-11-20 16:51:44.760  INFO 4728 --- [localhost-startStop-1] o.s.b.w.servlet.FilterRegistrationBean   : Mapping filter: 'requestContextFilter' to: [/*]
2018-11-20 16:51:44.760  INFO 4728 --- [localhost-startStop-1] o.s.b.w.servlet.FilterRegistrationBean   : Mapping filter: 'httpTraceFilter' to: [/*]
2018-11-20 16:51:44.770  INFO 4728 --- [localhost-startStop-1] o.s.b.w.servlet.FilterRegistrationBean   : Mapping filter: 'servletContainer' to urls: [/eureka/*]
2018-11-20 16:51:44.770  INFO 4728 --- [localhost-startStop-1] o.s.b.w.servlet.ServletRegistrationBean  : Servlet dispatcherServlet mapped to [/]
2018-11-20 16:51:44.890  INFO 4728 --- [localhost-startStop-1] c.s.j.s.i.a.WebApplicationImpl           : Initiating Jersey application, version 'Jersey: 1.19.1 03/11/2016 02:08 PM'
2018-11-20 16:51:45.000  INFO 4728 --- [localhost-startStop-1] c.n.d.provider.DiscoveryJerseyProvider   : Using JSON encoding codec LegacyJacksonJson
2018-11-20 16:51:45.000  INFO 4728 --- [localhost-startStop-1] c.n.d.provider.DiscoveryJerseyProvider   : Using JSON decoding codec LegacyJacksonJson
2018-11-20 16:51:45.260  INFO 4728 --- [localhost-startStop-1] c.n.d.provider.DiscoveryJerseyProvider   : Using XML encoding codec XStreamXml
2018-11-20 16:51:45.260  INFO 4728 --- [localhost-startStop-1] c.n.d.provider.DiscoveryJerseyProvider   : Using XML decoding codec XStreamXml
2018-11-20 16:51:45.730  WARN 4728 --- [main] c.n.c.sources.URLConfigurationSource     : No URLs will be polled as dynamic configuration sources.
2018-11-20 16:51:45.730  INFO 4728 --- [main] c.n.c.sources.URLConfigurationSource     : To enable URLs as dynamic configuration sources, define System property archaius.configurationSource.additionalUrls or make config.properties available on classpath.
2018-11-20 16:51:45.850  INFO 4728 --- [main] o.s.w.s.handler.SimpleUrlHandlerMapping  : Mapped URL path [/**/favicon.ico] onto handler of type [class org.springframework.web.servlet.resource.ResourceHttpRequestHandler]
2018-11-20 16:51:46.130  INFO 4728 --- [main] s.w.s.m.m.a.RequestMappingHandlerAdapter : Looking for @ControllerAdvice: org.springframework.boot.web.servlet.context.AnnotationConfigServletWebServerApplicationContext@8bffb5f7: startup date [Tue Nov 20 16:51:35 IST 2018]; parent: org.springframework.context.annotation.AnnotationConfigApplicationContext@d76d0d7c
2018-11-20 16:51:46.260  INFO 4728 --- [main] s.w.s.m.m.a.RequestMappingHandlerMapping : Mapped "{[/error],produces=[text/html]}" onto public org.springframework.web.servlet.ModelAndView org.springframework.boot.autoconfigure.web.servlet.error.BasicErrorController.errorHtml(javax.servlet.http.HttpServletRequest,javax.servlet.http.HttpServletResponse)
2018-11-20 16:51:46.260  INFO 4728 --- [main] s.w.s.m.m.a.RequestMappingHandlerMapping : Mapped "{[/error]}" onto public org.springframework.http.ResponseEntity<java.util.Map<java.lang.String, java.lang.Object>> org.springframework.boot.autoconfigure.web.servlet.error.BasicErrorController.error(javax.servlet.http.HttpServletRequest)
2018-11-20 16:51:46.270  INFO 4728 --- [main] s.w.s.m.m.a.RequestMappingHandlerMapping : Mapped "{[/eureka-dashboard],methods=[GET]}" onto public java.lang.String org.springframework.cloud.netflix.eureka.server.EurekaController.status(javax.servlet.http.HttpServletRequest,java.util.Map<java.lang.String, java.lang.Object>)
2018-11-20 16:51:46.270  INFO 4728 --- [main] s.w.s.m.m.a.RequestMappingHandlerMapping : Mapped "{[/eureka-dashboard/lastn],methods=[GET]}" onto public java.lang.String org.springframework.cloud.netflix.eureka.server.EurekaController.lastn(javax.servlet.http.HttpServletRequest,java.util.Map<java.lang.String, java.lang.Object>)
2018-11-20 16:51:46.360  INFO 4728 --- [main] o.s.w.s.handler.SimpleUrlHandlerMapping  : Mapped URL path [/webjars/**] onto handler of type [class org.springframework.web.servlet.resource.ResourceHttpRequestHandler]
2018-11-20 16:51:46.360  INFO 4728 --- [main] o.s.w.s.handler.SimpleUrlHandlerMapping  : Mapped URL path [/**] onto handler of type [class org.springframework.web.servlet.resource.ResourceHttpRequestHandler]
2018-11-20 16:51:46.830  INFO 4728 --- [main] o.s.s.c.ThreadPoolTaskScheduler          : Initializing ExecutorService
2018-11-20 16:51:47.130  INFO 4728 --- [main] o.s.ui.freemarker.SpringTemplateLoader   : SpringTemplateLoader for FreeMarker: using resource loader [org.springframework.boot.web.servlet.context.AnnotationConfigServletWebServerApplicationContext@8bffb5f7: startup date [Tue Nov 20 16:51:35 IST 2018]; parent: org.springframework.context.annotation.AnnotationConfigApplicationContext@d76d0d7c] and template loader path [classpath:/templates/]
2018-11-20 16:51:47.130  INFO 4728 --- [main] o.s.w.s.v.f.FreeMarkerConfigurer         : ClassTemplateLoader for Spring macros added to FreeMarker configuration
2018-11-20 16:51:47.400  INFO 4728 --- [main] o.s.c.n.eureka.InstanceInfoFactory       : Setting initial instance status as: STARTING
2018-11-20 16:51:47.460  INFO 4728 --- [main] com.netflix.discovery.DiscoveryClient    : Initializing Eureka in region us-east-1
2018-11-20 16:51:47.460  INFO 4728 --- [main] com.netflix.discovery.DiscoveryClient    : Client configured to neither register nor query for data.
2018-11-20 16:51:47.480  INFO 4728 --- [main] com.netflix.discovery.DiscoveryClient    : Discovery Client initialized at timestamp 1542712907470 with initial instances count: 0
2018-11-20 16:51:47.560  INFO 4728 --- [main] c.n.eureka.DefaultEurekaServerContext    : Initializing ...
2018-11-20 16:51:47.560  WARN 4728 --- [main] c.n.eureka.cluster.PeerEurekaNodes       : The replica size seems to be empty. Check the route 53 DNS Registry
2018-11-20 16:51:47.590  INFO 4728 --- [main] c.n.e.registry.AbstractInstanceRegistry  : Finished initializing remote region registries. All known remote regions: []
2018-11-20 16:51:47.590  INFO 4728 --- [main] c.n.eureka.DefaultEurekaServerContext    : Initialized
2018-11-20 16:51:47.620  INFO 4728 --- [main] o.s.b.a.e.web.EndpointLinksResolver      : Exposing 2 endpoint(s) beneath base path '/actuator'
2018-11-20 16:51:47.640  INFO 4728 --- [main] s.b.a.e.w.s.WebMvcEndpointHandlerMapping : Mapped "{[/actuator/health],methods=[GET],produces=[application/vnd.spring-boot.actuator.v2+json || application/json]}" onto public java.lang.Object org.springframework.boot.actuate.endpoint.web.servlet.AbstractWebMvcEndpointHandlerMapping$OperationHandler.handle(javax.servlet.http.HttpServletRequest,java.util.Map<java.lang.String, java.lang.String>)
2018-11-20 16:51:47.640  INFO 4728 --- [main] s.b.a.e.w.s.WebMvcEndpointHandlerMapping : Mapped "{[/actuator/info],methods=[GET],produces=[application/vnd.spring-boot.actuator.v2+json || application/json]}" onto public java.lang.Object org.springframework.boot.actuate.endpoint.web.servlet.AbstractWebMvcEndpointHandlerMapping$OperationHandler.handle(javax.servlet.http.HttpServletRequest,java.util.Map<java.lang.String, java.lang.String>)
2018-11-20 16:51:47.640  INFO 4728 --- [main] s.b.a.e.w.s.WebMvcEndpointHandlerMapping : Mapped "{[/actuator],methods=[GET],produces=[application/vnd.spring-boot.actuator.v2+json || application/json]}" onto protected java.util.Map<java.lang.String, java.util.Map<java.lang.String, org.springframework.boot.actuate.endpoint.web.Link>> org.springframework.boot.actuate.endpoint.web.servlet.WebMvcEndpointHandlerMapping.links(javax.servlet.http.HttpServletRequest,javax.servlet.http.HttpServletResponse)
2018-11-20 16:51:47.730  INFO 4728 --- [main] o.s.j.e.a.AnnotationMBeanExporter        : Registering beans for JMX exposure on startup
2018-11-20 16:51:47.751  INFO 4728 --- [main] o.s.j.e.a.AnnotationMBeanExporter        : Bean with name 'environmentManager' has been autodetected for JMX exposure
2018-11-20 16:51:47.753  INFO 4728 --- [main] o.s.j.e.a.AnnotationMBeanExporter        : Bean with name 'refreshScope' has been autodetected for JMX exposure
2018-11-20 16:51:47.755  INFO 4728 --- [main] o.s.j.e.a.AnnotationMBeanExporter        : Bean with name 'configurationPropertiesRebinder' has been autodetected for JMX exposure
2018-11-20 16:51:47.760  INFO 4728 --- [main] o.s.j.e.a.AnnotationMBeanExporter        : Located managed bean 'environmentManager': registering with JMX server as MBean [org.springframework.cloud.context.environment:name=environmentManager,type=EnvironmentManager]
2018-11-20 16:51:47.772  INFO 4728 --- [main] o.s.j.e.a.AnnotationMBeanExporter        : Located managed bean 'refreshScope': registering with JMX server as MBean [org.springframework.cloud.context.scope.refresh:name=refreshScope,type=RefreshScope]
2018-11-20 16:51:47.802  INFO 4728 --- [main] o.s.j.e.a.AnnotationMBeanExporter        : Located managed bean 'configurationPropertiesRebinder': registering with JMX server as MBean [org.springframework.cloud.context.properties:name=configurationPropertiesRebinder,context=8bffb5f7,type=ConfigurationPropertiesRebinder]
2018-11-20 16:51:47.822  INFO 4728 --- [main] o.s.c.support.DefaultLifecycleProcessor  : Starting beans in phase 0
2018-11-20 16:51:47.837  INFO 4728 --- [main] o.s.c.n.e.s.EurekaServiceRegistry        : Registering application DISCOVERY with eureka with status UP
2018-11-20 16:51:47.898  INFO 4728 --- [Thread-18] o.s.c.n.e.server.EurekaServerBootstrap   : Setting the eureka configuration..
2018-11-20 16:51:47.915  INFO 4728 --- [Thread-18] o.s.c.n.e.server.EurekaServerBootstrap   : Eureka data center value eureka.datacenter is not set, defaulting to default
2018-11-20 16:51:47.916  INFO 4728 --- [Thread-18] o.s.c.n.e.server.EurekaServerBootstrap   : Eureka environment value eureka.environment is not set, defaulting to test
2018-11-20 16:51:47.935  INFO 4728 --- [Thread-18] o.s.c.n.e.server.EurekaServerBootstrap   : isAws returned false
2018-11-20 16:51:47.936  INFO 4728 --- [Thread-18] o.s.c.n.e.server.EurekaServerBootstrap   : Initialized server context
2018-11-20 16:51:47.936  INFO 4728 --- [Thread-18] c.n.e.r.PeerAwareInstanceRegistryImpl    : Got 1 instances from neighboring DS node
2018-11-20 16:51:47.936  INFO 4728 --- [Thread-18] c.n.e.r.PeerAwareInstanceRegistryImpl    : Renew threshold is: 1
2018-11-20 16:51:47.937  INFO 4728 --- [Thread-18] c.n.e.r.PeerAwareInstanceRegistryImpl    : Changing status to UP
2018-11-20 16:51:47.986  INFO 4728 --- [Thread-18] e.s.EurekaServerInitializerConfiguration : Started Eureka Server
2018-11-20 16:51:48.006 ERROR 4728 --- [main] o.apache.catalina.core.StandardService   : Failed to start connector [Connector[HTTP/1.1-8082]]

org.apache.catalina.LifecycleException: Failed to start component [Connector[HTTP/1.1-8082]]
	at org.apache.catalina.util.LifecycleBase.start(LifecycleBase.java:167) ~[tomcat-embed-core-8.5.34.jar:8.5.34]
	at org.apache.catalina.core.StandardService.addConnector(StandardService.java:225) ~[tomcat-embed-core-8.5.34.jar:8.5.34]
	at org.springframework.boot.web.embedded.tomcat.TomcatWebServer.addPreviouslyRemovedConnectors(TomcatWebServer.java:261) [spring-boot-2.0.6.RELEASE.jar:2.0.6.RELEASE]
	at org.springframework.boot.web.embedded.tomcat.TomcatWebServer.start(TomcatWebServer.java:198) [spring-boot-2.0.6.RELEASE.jar:2.0.6.RELEASE]
	at org.springframework.boot.web.servlet.context.ServletWebServerApplicationContext.startWebServer(ServletWebServerApplicationContext.java:300) [spring-boot-2.0.6.RELEASE.jar:2.0.6.RELEASE]
	at org.springframework.boot.web.servlet.context.ServletWebServerApplicationContext.finishRefresh(ServletWebServerApplicationContext.java:162) [spring-boot-2.0.6.RELEASE.jar:2.0.6.RELEASE]
	at org.springframework.context.support.AbstractApplicationContext.refresh(AbstractApplicationContext.java:551) [spring-context-5.0.10.RELEASE.jar:5.0.10.RELEASE]
	at org.springframework.boot.web.servlet.context.ServletWebServerApplicationContext.refresh(ServletWebServerApplicationContext.java:140) [spring-boot-2.0.6.RELEASE.jar:2.0.6.RELEASE]
	at org.springframework.boot.SpringApplication.refresh(SpringApplication.java:754) [spring-boot-2.0.6.RELEASE.jar:2.0.6.RELEASE]
	at org.springframework.boot.SpringApplication.refreshContext(SpringApplication.java:386) [spring-boot-2.0.6.RELEASE.jar:2.0.6.RELEASE]
	at org.springframework.boot.SpringApplication.run(SpringApplication.java:307) [spring-boot-2.0.6.RELEASE.jar:2.0.6.RELEASE]
	at com.ibm.discovery.DiscoveryApplication.main(DiscoveryApplication.java:16) [classes/:na]
Caused by: org.apache.catalina.LifecycleException: Protocol handler start failed
	at org.apache.catalina.connector.Connector.startInternal(Connector.java:1020) ~[tomcat-embed-core-8.5.34.jar:8.5.34]
	at org.apache.catalina.util.LifecycleBase.start(LifecycleBase.java:150) ~[tomcat-embed-core-8.5.34.jar:8.5.34]
	... 11 common frames omitted
Caused by: java.net.BindException: Address already in use: bind
	at sun.nio.ch.Net.bind0(Native Method) ~[na:1.8.0-internal]
	at sun.nio.ch.Net.bind(Net.java:464) ~[na:1.8.0-internal]
	at sun.nio.ch.Net.bind(Net.java:456) ~[na:1.8.0-internal]
	at sun.nio.ch.ServerSocketChannelImpl.bind(ServerSocketChannelImpl.java:253) ~[na:1.8.0-internal]
	at sun.nio.ch.ServerSocketAdaptor.bind(ServerSocketAdaptor.java:86) ~[na:1.8.0-internal]
	at org.apache.tomcat.util.net.NioEndpoint.bind(NioEndpoint.java:219) ~[tomcat-embed-core-8.5.34.jar:8.5.34]
	at org.apache.tomcat.util.net.AbstractEndpoint.start(AbstractEndpoint.java:1151) ~[tomcat-embed-core-8.5.34.jar:8.5.34]
	at org.apache.coyote.AbstractProtocol.start(AbstractProtocol.java:591) ~[tomcat-embed-core-8.5.34.jar:8.5.34]
	at org.apache.catalina.connector.Connector.startInternal(Connector.java:1018) ~[tomcat-embed-core-8.5.34.jar:8.5.34]
	... 12 common frames omitted

2018-11-20 16:51:48.016  INFO 4728 --- [main] o.apache.catalina.core.StandardService   : Stopping service [Tomcat]
2018-11-20 16:51:48.016  WARN 4728 --- [localhost-startStop-1] o.a.c.loader.WebappClassLoaderBase       : The web application [ROOT] appears to have started a thread named [spring.cloud.inetutils] but has failed to stop it. This is very likely to create a memory leak. Stack trace of thread:
 sun.misc.Unsafe.park(Native Method)
 java.util.concurrent.locks.LockSupport.park(LockSupport.java:176)
 java.util.concurrent.locks.AbstractQueuedSynchronizer$ConditionObject.await(AbstractQueuedSynchronizer.java:2040)
 java.util.concurrent.LinkedBlockingQueue.take(LinkedBlockingQueue.java:443)
 java.util.concurrent.ThreadPoolExecutor.getTask(ThreadPoolExecutor.java:1068)
 java.util.concurrent.ThreadPoolExecutor.runWorker(ThreadPoolExecutor.java:1128)
 java.util.concurrent.ThreadPoolExecutor$Worker.run(ThreadPoolExecutor.java:618)
 java.lang.Thread.run(Thread.java:785)
2018-11-20 16:51:48.036  INFO 4728 --- [main] ConditionEvaluationReportLoggingListener : 

Error starting ApplicationContext. To display the conditions report re-run your application with 'debug' enabled.
2018-11-20 16:51:48.036 ERROR 4728 --- [main] o.s.b.d.LoggingFailureAnalysisReporter   : 

***************************
APPLICATION FAILED TO START
***************************

Description:

The Tomcat connector configured to listen on port 8082 failed to start. The port may already be in use or the connector may be misconfigured.

Action:

Verify the connector's configuration, identify and stop any process that's listening on port 8082, or configure this application to listen on another port.

2018-11-20 16:51:48.036  INFO 4728 --- [main] ConfigServletWebServerApplicationContext : Closing org.springframework.boot.web.servlet.context.AnnotationConfigServletWebServerApplicationContext@8bffb5f7: startup date [Tue Nov 20 16:51:35 IST 2018]; parent: org.springframework.context.annotation.AnnotationConfigApplicationContext@d76d0d7c
2018-11-20 16:51:48.036  INFO 4728 --- [main] o.s.c.n.e.s.EurekaServiceRegistry        : Unregistering application DISCOVERY with eureka with status DOWN
2018-11-20 16:51:48.046  INFO 4728 --- [main] o.s.c.support.DefaultLifecycleProcessor  : Stopping beans in phase 0
2018-11-20 16:51:48.046  INFO 4728 --- [main] c.n.eureka.DefaultEurekaServerContext    : Shutting down ...
2018-11-20 16:51:48.046  INFO 4728 --- [main] c.n.eureka.DefaultEurekaServerContext    : Shut down
2018-11-20 16:51:48.056  INFO 4728 --- [main] o.s.j.e.a.AnnotationMBeanExporter        : Unregistering JMX-exposed beans on shutdown
2018-11-20 16:51:48.056  INFO 4728 --- [main] o.s.j.e.a.AnnotationMBeanExporter        : Unregistering JMX-exposed beans
2018-11-20 16:51:48.056  INFO 4728 --- [main] o.s.s.c.ThreadPoolTaskScheduler          : Shutting down ExecutorService
2018-11-20 16:51:48.066  INFO 4728 --- [main] com.netflix.discovery.DiscoveryClient    : Shutting down DiscoveryClient ...
2018-11-20 16:51:48.066  INFO 4728 --- [main] com.netflix.discovery.DiscoveryClient    : Completed shut down of DiscoveryClient
2018-11-20 16:52:28.142  INFO 6860 --- [main] com.ibm.discovery.DiscoveryApplication   : No active profile set, falling back to default profiles: default
2018-11-20 16:52:28.182  INFO 6860 --- [main] ConfigServletWebServerApplicationContext : Refreshing org.springframework.boot.web.servlet.context.AnnotationConfigServletWebServerApplicationContext@4dc31c4a: startup date [Tue Nov 20 16:52:28 IST 2018]; parent: org.springframework.context.annotation.AnnotationConfigApplicationContext@3e1f6b24
2018-11-20 16:52:31.136  INFO 6860 --- [main] o.s.cloud.context.scope.GenericScope     : BeanFactory id=4c9a535e-ac13-3614-b10c-78712e9781a5
2018-11-20 16:52:31.176  INFO 6860 --- [main] f.a.AutowiredAnnotationBeanPostProcessor : JSR-330 'javax.inject.Inject' annotation found and supported for autowiring
2018-11-20 16:52:31.386  INFO 6860 --- [main] trationDelegate$BeanPostProcessorChecker : Bean 'org.springframework.cloud.autoconfigure.ConfigurationPropertiesRebinderAutoConfiguration' of type [org.springframework.cloud.autoconfigure.ConfigurationPropertiesRebinderAutoConfiguration$$EnhancerBySpringCGLIB$$5c77bc81] is not eligible for getting processed by all BeanPostProcessors (for example: not eligible for auto-proxying)
2018-11-20 16:52:32.078  INFO 6860 --- [main] o.s.b.w.embedded.tomcat.TomcatWebServer  : Tomcat initialized with port(s): 8082 (http)
2018-11-20 16:52:32.108  INFO 6860 --- [main] o.apache.catalina.core.StandardService   : Starting service [Tomcat]
2018-11-20 16:52:32.108  INFO 6860 --- [main] org.apache.catalina.core.StandardEngine  : Starting Servlet Engine: Apache Tomcat/8.5.34
2018-11-20 16:52:32.118  INFO 6860 --- [localhost-startStop-1] o.a.catalina.core.AprLifecycleListener   : The APR based Apache Tomcat Native library which allows optimal performance in production environments was not found on the java.library.path: [C:\Santanu\IBMInstallationOther\IBM\SDP\jdk\jre\bin\compressedrefs;C:\Santanu\IBMInstallationOther\IBM\SDP\jdk\jre\bin;C:\windows\system32;C:\windows;C:\ProgramData\Anaconda3;C:\ProgramData\Anaconda3\Library\mingw-w64\bin;C:\ProgramData\Anaconda3\Library\usr\bin;C:\ProgramData\Anaconda3\Library\bin;C:\ProgramData\Anaconda3\Scripts;C:\ProgramData\Oracle\Java\javapath;C:\windows\system32;C:\windows;C:\windows\System32\Wbem;C:\windows\System32\WindowsPowerShell\v1.0\;C:\Program Files (x86)\IBM\Personal Communications\;C:\Program Files (x86)\IBM\Trace Facility\;C:\Program Files (x86)\IBM\Mobility Client\;C:\Cygwin\bin;C:\Santanu\HadoopDevolopmentKit\jdk1.8.0_111\bin;C:\Program Files\PuTTY\;C:\Program Files\Microsoft VS Code\bin;C:\Program Files\IBM\Cloud\bin;%JAVA_HOM%\bin;C:\ProgramData\chocolatey\bin;C:\Santanu\Git\cmd;C:\Santanu\IBMInstallation\NodeJS;C:\Program Files\IBM\node;.]
2018-11-20 16:52:32.388  INFO 6860 --- [localhost-startStop-1] o.a.c.c.C.[Tomcat].[localhost].[/]       : Initializing Spring embedded WebApplicationContext
2018-11-20 16:52:32.398  INFO 6860 --- [localhost-startStop-1] o.s.web.context.ContextLoader            : Root WebApplicationContext: initialization completed in 4206 ms
2018-11-20 16:52:32.558  WARN 6860 --- [localhost-startStop-1] i.m.c.i.binder.jvm.JvmGcMetrics          : GC notifications will not be available because com.sun.management.GarbageCollectionNotificationInfo is not present
2018-11-20 16:52:32.718  WARN 6860 --- [localhost-startStop-1] c.n.c.sources.URLConfigurationSource     : No URLs will be polled as dynamic configuration sources.
2018-11-20 16:52:32.728  INFO 6860 --- [localhost-startStop-1] c.n.c.sources.URLConfigurationSource     : To enable URLs as dynamic configuration sources, define System property archaius.configurationSource.additionalUrls or make config.properties available on classpath.
2018-11-20 16:52:32.748  INFO 6860 --- [localhost-startStop-1] c.netflix.config.DynamicPropertyFactory  : DynamicPropertyFactory is initialized with configuration sources: com.netflix.config.ConcurrentCompositeConfiguration@bc4ba938
2018-11-20 16:52:35.950  INFO 6860 --- [localhost-startStop-1] o.s.b.w.servlet.FilterRegistrationBean   : Mapping filter: 'characterEncodingFilter' to: [/*]
2018-11-20 16:52:35.950  INFO 6860 --- [localhost-startStop-1] o.s.b.w.servlet.FilterRegistrationBean   : Mapping filter: 'webMvcMetricsFilter' to: [/*]
2018-11-20 16:52:35.950  INFO 6860 --- [localhost-startStop-1] o.s.b.w.servlet.FilterRegistrationBean   : Mapping filter: 'hiddenHttpMethodFilter' to: [/*]
2018-11-20 16:52:35.950  INFO 6860 --- [localhost-startStop-1] o.s.b.w.servlet.FilterRegistrationBean   : Mapping filter: 'httpPutFormContentFilter' to: [/*]
2018-11-20 16:52:35.950  INFO 6860 --- [localhost-startStop-1] o.s.b.w.servlet.FilterRegistrationBean   : Mapping filter: 'requestContextFilter' to: [/*]
2018-11-20 16:52:35.950  INFO 6860 --- [localhost-startStop-1] o.s.b.w.servlet.FilterRegistrationBean   : Mapping filter: 'httpTraceFilter' to: [/*]
2018-11-20 16:52:35.950  INFO 6860 --- [localhost-startStop-1] o.s.b.w.servlet.FilterRegistrationBean   : Mapping filter: 'servletContainer' to urls: [/eureka/*]
2018-11-20 16:52:35.950  INFO 6860 --- [localhost-startStop-1] o.s.b.w.servlet.ServletRegistrationBean  : Servlet dispatcherServlet mapped to [/]
2018-11-20 16:52:36.090  INFO 6860 --- [localhost-startStop-1] c.s.j.s.i.a.WebApplicationImpl           : Initiating Jersey application, version 'Jersey: 1.19.1 03/11/2016 02:08 PM'
2018-11-20 16:52:36.210  INFO 6860 --- [localhost-startStop-1] c.n.d.provider.DiscoveryJerseyProvider   : Using JSON encoding codec LegacyJacksonJson
2018-11-20 16:52:36.220  INFO 6860 --- [localhost-startStop-1] c.n.d.provider.DiscoveryJerseyProvider   : Using JSON decoding codec LegacyJacksonJson
2018-11-20 16:52:36.510  INFO 6860 --- [localhost-startStop-1] c.n.d.provider.DiscoveryJerseyProvider   : Using XML encoding codec XStreamXml
2018-11-20 16:52:36.510  INFO 6860 --- [localhost-startStop-1] c.n.d.provider.DiscoveryJerseyProvider   : Using XML decoding codec XStreamXml
2018-11-20 16:52:37.082  WARN 6860 --- [main] c.n.c.sources.URLConfigurationSource     : No URLs will be polled as dynamic configuration sources.
2018-11-20 16:52:37.082  INFO 6860 --- [main] c.n.c.sources.URLConfigurationSource     : To enable URLs as dynamic configuration sources, define System property archaius.configurationSource.additionalUrls or make config.properties available on classpath.
2018-11-20 16:52:37.304  INFO 6860 --- [main] o.s.w.s.handler.SimpleUrlHandlerMapping  : Mapped URL path [/**/favicon.ico] onto handler of type [class org.springframework.web.servlet.resource.ResourceHttpRequestHandler]
2018-11-20 16:52:37.654  INFO 6860 --- [main] s.w.s.m.m.a.RequestMappingHandlerAdapter : Looking for @ControllerAdvice: org.springframework.boot.web.servlet.context.AnnotationConfigServletWebServerApplicationContext@4dc31c4a: startup date [Tue Nov 20 16:52:28 IST 2018]; parent: org.springframework.context.annotation.AnnotationConfigApplicationContext@3e1f6b24
2018-11-20 16:52:37.774  INFO 6860 --- [main] s.w.s.m.m.a.RequestMappingHandlerMapping : Mapped "{[/error],produces=[text/html]}" onto public org.springframework.web.servlet.ModelAndView org.springframework.boot.autoconfigure.web.servlet.error.BasicErrorController.errorHtml(javax.servlet.http.HttpServletRequest,javax.servlet.http.HttpServletResponse)
2018-11-20 16:52:37.774  INFO 6860 --- [main] s.w.s.m.m.a.RequestMappingHandlerMapping : Mapped "{[/error]}" onto public org.springframework.http.ResponseEntity<java.util.Map<java.lang.String, java.lang.Object>> org.springframework.boot.autoconfigure.web.servlet.error.BasicErrorController.error(javax.servlet.http.HttpServletRequest)
2018-11-20 16:52:37.784  INFO 6860 --- [main] s.w.s.m.m.a.RequestMappingHandlerMapping : Mapped "{[/eureka-dashboard],methods=[GET]}" onto public java.lang.String org.springframework.cloud.netflix.eureka.server.EurekaController.status(javax.servlet.http.HttpServletRequest,java.util.Map<java.lang.String, java.lang.Object>)
2018-11-20 16:52:37.784  INFO 6860 --- [main] s.w.s.m.m.a.RequestMappingHandlerMapping : Mapped "{[/eureka-dashboard/lastn],methods=[GET]}" onto public java.lang.String org.springframework.cloud.netflix.eureka.server.EurekaController.lastn(javax.servlet.http.HttpServletRequest,java.util.Map<java.lang.String, java.lang.Object>)
2018-11-20 16:52:37.824  INFO 6860 --- [main] o.s.w.s.handler.SimpleUrlHandlerMapping  : Mapped URL path [/webjars/**] onto handler of type [class org.springframework.web.servlet.resource.ResourceHttpRequestHandler]
2018-11-20 16:52:37.824  INFO 6860 --- [main] o.s.w.s.handler.SimpleUrlHandlerMapping  : Mapped URL path [/**] onto handler of type [class org.springframework.web.servlet.resource.ResourceHttpRequestHandler]
2018-11-20 16:52:38.234  INFO 6860 --- [main] o.s.s.c.ThreadPoolTaskScheduler          : Initializing ExecutorService
2018-11-20 16:52:38.728  INFO 6860 --- [main] o.s.ui.freemarker.SpringTemplateLoader   : SpringTemplateLoader for FreeMarker: using resource loader [org.springframework.boot.web.servlet.context.AnnotationConfigServletWebServerApplicationContext@4dc31c4a: startup date [Tue Nov 20 16:52:28 IST 2018]; parent: org.springframework.context.annotation.AnnotationConfigApplicationContext@3e1f6b24] and template loader path [classpath:/templates/]
2018-11-20 16:52:38.728  INFO 6860 --- [main] o.s.w.s.v.f.FreeMarkerConfigurer         : ClassTemplateLoader for Spring macros added to FreeMarker configuration
2018-11-20 16:52:39.058  INFO 6860 --- [main] o.s.c.n.eureka.InstanceInfoFactory       : Setting initial instance status as: STARTING
2018-11-20 16:52:39.164  INFO 6860 --- [main] com.netflix.discovery.DiscoveryClient    : Initializing Eureka in region us-east-1
2018-11-20 16:52:39.164  INFO 6860 --- [main] com.netflix.discovery.DiscoveryClient    : Client configured to neither register nor query for data.
2018-11-20 16:52:39.200  INFO 6860 --- [main] com.netflix.discovery.DiscoveryClient    : Discovery Client initialized at timestamp 1542712959190 with initial instances count: 0
2018-11-20 16:52:39.300  INFO 6860 --- [main] c.n.eureka.DefaultEurekaServerContext    : Initializing ...
2018-11-20 16:52:39.310  WARN 6860 --- [main] c.n.eureka.cluster.PeerEurekaNodes       : The replica size seems to be empty. Check the route 53 DNS Registry
2018-11-20 16:52:39.350  INFO 6860 --- [main] c.n.e.registry.AbstractInstanceRegistry  : Finished initializing remote region registries. All known remote regions: []
2018-11-20 16:52:39.350  INFO 6860 --- [main] c.n.eureka.DefaultEurekaServerContext    : Initialized
2018-11-20 16:52:39.400  INFO 6860 --- [main] o.s.b.a.e.web.EndpointLinksResolver      : Exposing 2 endpoint(s) beneath base path '/actuator'
2018-11-20 16:52:39.430  INFO 6860 --- [main] s.b.a.e.w.s.WebMvcEndpointHandlerMapping : Mapped "{[/actuator/health],methods=[GET],produces=[application/vnd.spring-boot.actuator.v2+json || application/json]}" onto public java.lang.Object org.springframework.boot.actuate.endpoint.web.servlet.AbstractWebMvcEndpointHandlerMapping$OperationHandler.handle(javax.servlet.http.HttpServletRequest,java.util.Map<java.lang.String, java.lang.String>)
2018-11-20 16:52:39.440  INFO 6860 --- [main] s.b.a.e.w.s.WebMvcEndpointHandlerMapping : Mapped "{[/actuator/info],methods=[GET],produces=[application/vnd.spring-boot.actuator.v2+json || application/json]}" onto public java.lang.Object org.springframework.boot.actuate.endpoint.web.servlet.AbstractWebMvcEndpointHandlerMapping$OperationHandler.handle(javax.servlet.http.HttpServletRequest,java.util.Map<java.lang.String, java.lang.String>)
2018-11-20 16:52:39.440  INFO 6860 --- [main] s.b.a.e.w.s.WebMvcEndpointHandlerMapping : Mapped "{[/actuator],methods=[GET],produces=[application/vnd.spring-boot.actuator.v2+json || application/json]}" onto protected java.util.Map<java.lang.String, java.util.Map<java.lang.String, org.springframework.boot.actuate.endpoint.web.Link>> org.springframework.boot.actuate.endpoint.web.servlet.WebMvcEndpointHandlerMapping.links(javax.servlet.http.HttpServletRequest,javax.servlet.http.HttpServletResponse)
2018-11-20 16:52:39.592  INFO 6860 --- [main] o.s.j.e.a.AnnotationMBeanExporter        : Registering beans for JMX exposure on startup
2018-11-20 16:52:39.622  INFO 6860 --- [main] o.s.j.e.a.AnnotationMBeanExporter        : Bean with name 'environmentManager' has been autodetected for JMX exposure
2018-11-20 16:52:39.622  INFO 6860 --- [main] o.s.j.e.a.AnnotationMBeanExporter        : Bean with name 'refreshScope' has been autodetected for JMX exposure
2018-11-20 16:52:39.622  INFO 6860 --- [main] o.s.j.e.a.AnnotationMBeanExporter        : Bean with name 'configurationPropertiesRebinder' has been autodetected for JMX exposure
2018-11-20 16:52:39.632  INFO 6860 --- [main] o.s.j.e.a.AnnotationMBeanExporter        : Located managed bean 'environmentManager': registering with JMX server as MBean [org.springframework.cloud.context.environment:name=environmentManager,type=EnvironmentManager]
2018-11-20 16:52:39.642  INFO 6860 --- [main] o.s.j.e.a.AnnotationMBeanExporter        : Located managed bean 'refreshScope': registering with JMX server as MBean [org.springframework.cloud.context.scope.refresh:name=refreshScope,type=RefreshScope]
2018-11-20 16:52:39.662  INFO 6860 --- [main] o.s.j.e.a.AnnotationMBeanExporter        : Located managed bean 'configurationPropertiesRebinder': registering with JMX server as MBean [org.springframework.cloud.context.properties:name=configurationPropertiesRebinder,context=4dc31c4a,type=ConfigurationPropertiesRebinder]
2018-11-20 16:52:39.682  INFO 6860 --- [main] o.s.c.support.DefaultLifecycleProcessor  : Starting beans in phase 0
2018-11-20 16:52:39.692  INFO 6860 --- [main] o.s.c.n.e.s.EurekaServiceRegistry        : Registering application DISCOVERY with eureka with status UP
2018-11-20 16:52:39.702  INFO 6860 --- [Thread-18] o.s.c.n.e.server.EurekaServerBootstrap   : Setting the eureka configuration..
2018-11-20 16:52:39.702  INFO 6860 --- [Thread-18] o.s.c.n.e.server.EurekaServerBootstrap   : Eureka data center value eureka.datacenter is not set, defaulting to default
2018-11-20 16:52:39.702  INFO 6860 --- [Thread-18] o.s.c.n.e.server.EurekaServerBootstrap   : Eureka environment value eureka.environment is not set, defaulting to test
2018-11-20 16:52:39.722  INFO 6860 --- [Thread-18] o.s.c.n.e.server.EurekaServerBootstrap   : isAws returned false
2018-11-20 16:52:39.722  INFO 6860 --- [Thread-18] o.s.c.n.e.server.EurekaServerBootstrap   : Initialized server context
2018-11-20 16:52:39.722  INFO 6860 --- [Thread-18] c.n.e.r.PeerAwareInstanceRegistryImpl    : Got 1 instances from neighboring DS node
2018-11-20 16:52:39.722  INFO 6860 --- [Thread-18] c.n.e.r.PeerAwareInstanceRegistryImpl    : Renew threshold is: 1
2018-11-20 16:52:39.722  INFO 6860 --- [Thread-18] c.n.e.r.PeerAwareInstanceRegistryImpl    : Changing status to UP
2018-11-20 16:52:39.756  INFO 6860 --- [Thread-18] e.s.EurekaServerInitializerConfiguration : Started Eureka Server
2018-11-20 16:52:39.844  INFO 6860 --- [main] o.s.b.w.embedded.tomcat.TomcatWebServer  : Tomcat started on port(s): 8082 (http) with context path ''
2018-11-20 16:52:39.844  INFO 6860 --- [main] .s.c.n.e.s.EurekaAutoServiceRegistration : Updating port to 8082
2018-11-20 16:52:39.854  INFO 6860 --- [main] com.ibm.discovery.DiscoveryApplication   : Started DiscoveryApplication in 17.0 seconds (JVM running for 17.992)
2018-11-20 16:52:39.854 DEBUG 6860 --- [main] .b.a.c.r.RegistrationApplicationListener : Scheduled registration task for every PT10Sms
2018-11-20 16:52:39.964  WARN 6860 --- [registrationTask1] d.c.b.a.c.r.ApplicationRegistrator       : Failed to register application as Application(name=discovery, managementUrl=http://localhost:8082/actuator, healthUrl=http://localhost:8082/actuator/health, serviceUrl=http://localhost:8082/) at spring-boot-admin ([http://localhost:9142/instances]): 401 null. Further attempts are logged on DEBUG level
2018-11-20 16:52:41.738  INFO 6860 --- [http-nio-8082-exec-1] o.a.c.c.C.[Tomcat].[localhost].[/]       : Initializing Spring FrameworkServlet 'dispatcherServlet'
2018-11-20 16:52:41.738  INFO 6860 --- [http-nio-8082-exec-1] o.s.web.servlet.DispatcherServlet        : FrameworkServlet 'dispatcherServlet': initialization started
2018-11-20 16:52:41.788  INFO 6860 --- [http-nio-8082-exec-1] o.s.web.servlet.DispatcherServlet        : FrameworkServlet 'dispatcherServlet': initialization completed in 50 ms
2018-11-20 16:52:41.858  WARN 6860 --- [http-nio-8082-exec-1] c.n.e.registry.AbstractInstanceRegistry  : DS: Registry: lease doesn't exist, registering resource: CONFIG - sbandyo2:config:8081
2018-11-20 16:52:41.858  WARN 6860 --- [http-nio-8082-exec-1] c.n.eureka.resources.InstanceResource    : Not Found (Renew): CONFIG - sbandyo2:config:8081
2018-11-20 16:52:41.958  INFO 6860 --- [http-nio-8082-exec-3] c.n.e.registry.AbstractInstanceRegistry  : Registered instance CONFIG/sbandyo2:config:8081 with status UP (replication=false)
2018-11-20 16:52:49.898 DEBUG 6860 --- [registrationTask1] d.c.b.a.c.r.ApplicationRegistrator       : Failed to register application as Application(name=discovery, managementUrl=http://localhost:8082/actuator, healthUrl=http://localhost:8082/actuator/health, serviceUrl=http://localhost:8082/) at spring-boot-admin ([http://localhost:9142/instances]): 401 null
2018-11-20 16:52:59.888 DEBUG 6860 --- [registrationTask1] d.c.b.a.c.r.ApplicationRegistrator       : Failed to register application as Application(name=discovery, managementUrl=http://localhost:8082/actuator, healthUrl=http://localhost:8082/actuator/health, serviceUrl=http://localhost:8082/) at spring-boot-admin ([http://localhost:9142/instances]): 401 null
2018-11-20 16:53:09.888 DEBUG 6860 --- [registrationTask1] d.c.b.a.c.r.ApplicationRegistrator       : Failed to register application as Application(name=discovery, managementUrl=http://localhost:8082/actuator, healthUrl=http://localhost:8082/actuator/health, serviceUrl=http://localhost:8082/) at spring-boot-admin ([http://localhost:9142/instances]): 401 null
2018-11-20 16:53:19.900 DEBUG 6860 --- [registrationTask1] d.c.b.a.c.r.ApplicationRegistrator       : Failed to register application as Application(name=discovery, managementUrl=http://localhost:8082/actuator, healthUrl=http://localhost:8082/actuator/health, serviceUrl=http://localhost:8082/) at spring-boot-admin ([http://localhost:9142/instances]): 401 null
2018-11-20 16:53:29.878 DEBUG 6860 --- [registrationTask1] d.c.b.a.c.r.ApplicationRegistrator       : Failed to register application as Application(name=discovery, managementUrl=http://localhost:8082/actuator, healthUrl=http://localhost:8082/actuator/health, serviceUrl=http://localhost:8082/) at spring-boot-admin ([http://localhost:9142/instances]): 401 null
2018-11-20 16:53:39.738  INFO 6860 --- [Eureka-EvictionTimer] c.n.e.registry.AbstractInstanceRegistry  : Running the evict task with compensationTime 0ms
2018-11-20 16:53:39.878 DEBUG 6860 --- [registrationTask1] d.c.b.a.c.r.ApplicationRegistrator       : Failed to register application as Application(name=discovery, managementUrl=http://localhost:8082/actuator, healthUrl=http://localhost:8082/actuator/health, serviceUrl=http://localhost:8082/) at spring-boot-admin ([http://localhost:9142/instances]): 401 null
2018-11-20 16:53:49.880 DEBUG 6860 --- [registrationTask1] d.c.b.a.c.r.ApplicationRegistrator       : Failed to register application as Application(name=discovery, managementUrl=http://localhost:8082/actuator, healthUrl=http://localhost:8082/actuator/health, serviceUrl=http://localhost:8082/) at spring-boot-admin ([http://localhost:9142/instances]): 401 null
2018-11-20 16:53:59.910 DEBUG 6860 --- [registrationTask1] d.c.b.a.c.r.ApplicationRegistrator       : Failed to register application as Application(name=discovery, managementUrl=http://localhost:8082/actuator, healthUrl=http://localhost:8082/actuator/health, serviceUrl=http://localhost:8082/) at spring-boot-admin ([http://localhost:9142/instances]): 401 null
2018-11-20 16:54:09.870 DEBUG 6860 --- [registrationTask1] d.c.b.a.c.r.ApplicationRegistrator       : Failed to register application as Application(name=discovery, managementUrl=http://localhost:8082/actuator, healthUrl=http://localhost:8082/actuator/health, serviceUrl=http://localhost:8082/) at spring-boot-admin ([http://localhost:9142/instances]): 401 null
